<?xml version="1.0" encoding="UTF-8"?>
<testng-results ignored="0" total="2" passed="2" failed="0" skipped="0">
  <reporter-output>
  </reporter-output>
  <suite started-at="2024-04-30T16:59:15 IST" name="Default suite" finished-at="2024-04-30T16:59:28 IST" duration-ms="12427">
    <groups>
      <group name="cucumber">
        <method signature="AbstractTestNGCucumberTests.runScenario(io.cucumber.testng.PickleWrapper,io.cucumber.testng.FeatureWrapper)[pri:0, instance:OpencartCucumber.RegisterPageRunner@712625fd]" name="runScenario" class="io.cucumber.testng.AbstractTestNGCucumberTests"/>
      </group> <!-- cucumber -->
    </groups>
    <test started-at="2024-04-30T16:59:15 IST" name="Default test" finished-at="2024-04-30T16:59:28 IST" duration-ms="12427">
      <class name="OpencartCucumber.RegisterPageRunner">
        <test-method is-config="true" signature="setUpClass(org.testng.ITestContext)[pri:0, instance:OpencartCucumber.RegisterPageRunner@712625fd]" started-at="2024-04-30T16:59:15 IST" name="setUpClass" finished-at="2024-04-30T16:59:16 IST" duration-ms="940" status="PASS">
          <params>
            <param index="0">
              <value>
                <![CDATA[org.testng.TestRunner@4c1bdcc2]]>
              </value>
            </param>
          </params>
          <reporter-output>
          </reporter-output>
        </test-method> <!-- setUpClass -->
        <test-method signature="runScenario(io.cucumber.testng.PickleWrapper,io.cucumber.testng.FeatureWrapper)[pri:0, instance:OpencartCucumber.RegisterPageRunner@712625fd]" started-at="2024-04-30T16:59:16 IST" name="runScenario" description="Runs Cucumber Scenarios" data-provider="scenarios" finished-at="2024-04-30T16:59:23 IST" duration-ms="6792" status="PASS">
          <params>
            <param index="0">
              <value>
                <![CDATA["Verify whether the user is able to register into the application by providing all the fields"]]>
              </value>
            </param>
            <param index="1">
              <value>
                <![CDATA["Registraition functionality scenarios"]]>
              </value>
            </param>
          </params>
          <reporter-output>
          </reporter-output>
        </test-method> <!-- runScenario -->
        <test-method signature="runScenario(io.cucumber.testng.PickleWrapper,io.cucumber.testng.FeatureWrapper)[pri:0, instance:OpencartCucumber.RegisterPageRunner@712625fd]" started-at="2024-04-30T16:59:23 IST" name="runScenario" description="Runs Cucumber Scenarios" data-provider="scenarios" finished-at="2024-04-30T16:59:28 IST" duration-ms="4573" status="PASS">
          <params>
            <param index="0">
              <value>
                <![CDATA["Registering an Account by Not providing Mandatory fields"]]>
              </value>
            </param>
            <param index="1">
              <value>
                <![CDATA["Registraition functionality scenarios"]]>
              </value>
            </param>
          </params>
          <reporter-output>
          </reporter-output>
        </test-method> <!-- runScenario -->
        <test-method is-config="true" signature="tearDownClass()[pri:0, instance:OpencartCucumber.RegisterPageRunner@712625fd]" started-at="2024-04-30T16:59:28 IST" name="tearDownClass" finished-at="2024-04-30T16:59:28 IST" duration-ms="32" status="PASS">
          <reporter-output>
          </reporter-output>
        </test-method> <!-- tearDownClass -->
      </class> <!-- OpencartCucumber.RegisterPageRunner -->
    </test> <!-- Default test -->
  </suite> <!-- Default suite -->
</testng-results>
